#
# There is insufficient memory for the Java Runtime Environment to continue.
# Native memory allocation (malloc) failed to allocate 500336 bytes for Chunk::new
# Possible reasons:
#   The system is out of physical RAM or swap space
#   In 32 bit mode, the process size limit was hit
# Possible solutions:
#   Reduce memory load on the system
#   Increase physical memory or swap space
#   Check if swap backing store is full
#   Use 64 bit Java on a 64 bit OS
#   Decrease Java heap size (-Xmx/-Xms)
#   Decrease number of Java threads
#   Decrease Java thread stack sizes (-Xss)
#   Set larger code cache with -XX:ReservedCodeCacheSize=
# This output file may be truncated or incomplete.
#
#  Out of Memory Error (allocation.cpp:390), pid=4352, tid=0x00000000000003bc
#
# JRE version: OpenJDK Runtime Environment (8.0_152-b06) (build 1.8.0_152-release-1136-b06)
# Java VM: OpenJDK 64-Bit Server VM (25.152-b06 mixed mode windows-amd64 compressed oops)
# Failed to write core dump. Minidumps are not enabled by default on client versions of Windows
#

---------------  T H R E A D  ---------------

Current thread (0x0000000017bd7800):  JavaThread "C2 CompilerThread0" daemon [_thread_in_native, id=956, stack(0x0000000019240000,0x0000000019340000)]

Stack: [0x0000000019240000,0x0000000019340000]
[error occurred during error reporting (printing stack bounds), id 0xc0000005]

Native frames: (J=compiled Java code, j=interpreted, Vv=VM code, C=native code)


Current CompileTask:
C2:  45957 11752       4       com.android.tools.r8.code.BaseInstructionFactory::create (3362 bytes)


---------------  P R O C E S S  ---------------

Java Threads: ( => current thread )
  0x000000001caf7800 JavaThread "ForkJoinPool-1-worker-0" daemon [_thread_in_Java, id=11216, stack(0x0000000026860000,0x0000000026960000)]
  0x000000001cafa800 JavaThread "ForkJoinPool-1-worker-3" daemon [_thread_in_Java, id=10572, stack(0x0000000026760000,0x0000000026860000)]
  0x000000001caf6800 JavaThread "ForkJoinPool-1-worker-2" daemon [_thread_in_Java, id=812, stack(0x0000000026660000,0x0000000026760000)]
  0x000000001caf9800 JavaThread "ForkJoinPool-1-worker-1" daemon [_thread_in_Java, id=8536, stack(0x0000000026560000,0x0000000026660000)]
  0x000000001b00b000 JavaThread "ForkJoinPool.commonPool-worker-3" daemon [_thread_blocked, id=10444, stack(0x0000000025e60000,0x0000000025f60000)]
  0x000000001b00f000 JavaThread "ForkJoinPool.commonPool-worker-2" daemon [_thread_blocked, id=5008, stack(0x0000000025d60000,0x0000000025e60000)]
  0x000000001b00e000 JavaThread "Cache worker for Java compile cache (C:\Users\Nick\AndroidStudioProjects\LanguageDetector\.gradle\4.6\javaCompile)" [_thread_blocked, id=3100, stack(0x00000000250a0000,0x00000000251a0000)]
  0x000000001b00d800 JavaThread "stdout" daemon [_thread_in_native, id=12016, stack(0x0000000024da0000,0x0000000024ea0000)]
  0x000000001b00c800 JavaThread "stderr" daemon [_thread_in_native, id=8284, stack(0x0000000024ca0000,0x0000000024da0000)]
  0x000000001b004000 JavaThread "pool-3-thread-1" [_thread_blocked, id=7796, stack(0x0000000024ba0000,0x0000000024ca0000)]
  0x000000001b003800 JavaThread "Task worker for ':' Thread 3" [_thread_blocked, id=2052, stack(0x00000000247a0000,0x00000000248a0000)]
  0x000000001b005800 JavaThread "Task worker for ':' Thread 2" [_thread_blocked, id=6632, stack(0x0000000024240000,0x0000000024340000)]
  0x000000001b005000 JavaThread "Task worker for ':'" [_thread_blocked, id=10828, stack(0x0000000024140000,0x0000000024240000)]
  0x000000001b008800 JavaThread "Cache worker for Build Output Cleanup Cache (C:\Users\Nick\AndroidStudioProjects\LanguageDetector\.gradle\buildOutputCleanup)" [_thread_blocked, id=4004, stack(0x0000000024040000,0x0000000024140000)]
  0x000000001b008000 JavaThread "Cache worker for task history cache (C:\Users\Nick\AndroidStudioProjects\LanguageDetector\.gradle\4.6\taskHistory)" [_thread_blocked, id=11144, stack(0x0000000023f40000,0x0000000024040000)]
  0x000000001b001000 JavaThread "Cache worker for file content cache (C:\Users\Nick\AndroidStudioProjects\LanguageDetector\.gradle\4.6\fileContent)" [_thread_blocked, id=7504, stack(0x00000000233e0000,0x00000000234e0000)]
  0x000000001e414800 JavaThread "Memory manager" [_thread_blocked, id=4904, stack(0x0000000022110000,0x0000000022210000)]
  0x000000001e418000 JavaThread "Build operations Thread 4" [_thread_blocked, id=10092, stack(0x0000000021a10000,0x0000000021b10000)]
  0x000000001e413000 JavaThread "Build operations Thread 3" [_thread_blocked, id=7284, stack(0x0000000021910000,0x0000000021a10000)]
  0x000000001e417800 JavaThread "Build operations Thread 2" [_thread_blocked, id=4036, stack(0x0000000021810000,0x0000000021910000)]
  0x000000001e412000 JavaThread "Build operations" [_thread_blocked, id=7388, stack(0x000000001fdf0000,0x000000001fef0000)]
  0x000000001e415000 JavaThread "Cache worker for Artifact transforms cache (C:\Users\Nick\.gradle\caches\transforms-1)" [_thread_blocked, id=2428, stack(0x000000001ec40000,0x000000001ed40000)]
  0x000000001ad1c000 JavaThread "Cache worker for file hash cache (C:\Users\Nick\AndroidStudioProjects\LanguageDetector\.gradle\4.6\fileHashes)" [_thread_blocked, id=7116, stack(0x000000001d770000,0x000000001d870000)]
  0x000000001ad2e800 JavaThread "File lock request listener" [_thread_in_native, id=9288, stack(0x000000001c6a0000,0x000000001c7a0000)]
  0x000000001ad34800 JavaThread "Cache worker for file hash cache (C:\Users\Nick\.gradle\caches\4.6\fileHashes)" [_thread_blocked, id=7364, stack(0x000000001c5a0000,0x000000001c6a0000)]
  0x000000001ac87000 JavaThread "Stdin handler" [_thread_blocked, id=4856, stack(0x000000001c2a0000,0x000000001c3a0000)]
  0x000000001ac86000 JavaThread "Asynchronous log dispatcher for DefaultDaemonConnection: socket connection from /127.0.0.1:59474 to /127.0.0.1:59475" [_thread_blocked, id=3884, stack(0x000000001c1a0000,0x000000001c2a0000)]
  0x000000001ac7e000 JavaThread "Daemon worker" [_thread_blocked, id=4256, stack(0x000000001c0a0000,0x000000001c1a0000)]
  0x000000001ac8d000 JavaThread "Cancel handler" [_thread_blocked, id=820, stack(0x000000001bfa0000,0x000000001c0a0000)]
  0x000000001abfd800 JavaThread "Handler for socket connection from /127.0.0.1:59474 to /127.0.0.1:59475" [_thread_in_native, id=8352, stack(0x000000001bca0000,0x000000001bda0000)]
  0x000000001ac75800 JavaThread "Daemon" [_thread_blocked, id=4344, stack(0x000000001bba0000,0x000000001bca0000)]
  0x000000001ac30000 JavaThread "Daemon periodic checks" [_thread_blocked, id=10768, stack(0x000000001baa0000,0x000000001bba0000)]
  0x000000001aba0000 JavaThread "Incoming local TCP Connector on port 59474" [_thread_in_native, id=6220, stack(0x000000001b850000,0x000000001b950000)]
  0x0000000017c3a000 JavaThread "Service Thread" daemon [_thread_blocked, id=1932, stack(0x0000000019940000,0x0000000019a40000)]
  0x0000000019448800 JavaThread "C1 CompilerThread2" daemon [_thread_blocked, id=4612, stack(0x0000000019840000,0x0000000019940000)]
  0x0000000017bdc000 JavaThread "C2 CompilerThread1" daemon [_thread_in_native, id=11140, stack(0x0000000019340000,0x0000000019440000)]
=>0x0000000017bd7800 JavaThread "C2 CompilerThread0" daemon [_thread_in_native, id=956, stack(0x0000000019240000,0x0000000019340000)]
  0x0000000017be7000 JavaThread "Attach Listener" daemon [_thread_blocked, id=11616, stack(0x0000000019140000,0x0000000019240000)]
  0x0000000017be5800 JavaThread "Signal Dispatcher" daemon [_thread_blocked, id=2316, stack(0x0000000019040000,0x0000000019140000)]
  0x0000000017bc8800 JavaThread "Finalizer" daemon [_thread_blocked, id=328, stack(0x0000000018e40000,0x0000000018f40000)]
  0x0000000002fb1000 JavaThread "Reference Handler" daemon [_thread_blocked, id=1616, stack(0x0000000018d40000,0x0000000018e40000)]
  0x0000000002ebd800 JavaThread "main" [_thread_blocked, id=2348, stack(0x0000000002d50000,0x0000000002e50000)]

Other Threads:
  0x0000000017ba5800 VMThread [stack: 0x0000000018c40000,0x0000000018d40000] [id=8816]
  0x0000000017c3b800 WatcherThread [stack: 0x0000000019a40000,0x0000000019b40000] [id=4040]

VM state:not at safepoint (normal execution)

VM Mutex/Monitor currently owned by a thread: None

Heap:
 PSYoungGen      total 211456K, used 189379K [0x00000000d5580000, 0x00000000e5b00000, 0x0000000100000000)
  eden space 190976K, 89% used [0x00000000d5580000,0x00000000dfbbed48,0x00000000e1000000)
  from space 20480K, 93% used [0x00000000e1000000,0x00000000e22b1f58,0x00000000e2400000)
  to   space 22528K, 0% used [0x00000000e4500000,0x00000000e4500000,0x00000000e5b00000)
 ParOldGen       total 157184K, used 39825K [0x0000000080000000, 0x0000000089980000, 0x00000000d5580000)
  object space 157184K, 25% used [0x0000000080000000,0x00000000826e44f0,0x0000000089980000)
 Metaspace       used 73761K, capacity 76182K, committed 76312K, reserved 1116160K
  class space    used 9717K, capacity 10254K, committed 10288K, reserved 1048576K

Card table byte_map: [0x0000000012380000,0x0000000012790000] byte_map_base: 0x0000000011f80000

Marking Bits: (ParMarkBitMap*) 0x0000000063b65aa0
 Begin Bits: [0x0000000012e40000, 0x0000000014e40000)
 End Bits:   [0x0000000014e40000, 0x0000000016e40000)

Polling page: 0x0000000000df0000

CodeCache: size=245760Kb used=33194Kb max_used=33194Kb free=212565Kb
 bounds [0x0000000002fc0000, 0x0000000005050000, 0x0000000011fc0000]
 total_blobs=11113 nmethods=10282 adapters=742
 compilation: enabled

Compilation events (10 events):
Event: 45.858 Thread 0x0000000019448800 11926       2       com.android.tools.r8.utils.Pair::setFirst (6 bytes)
Event: 45.859 Thread 0x0000000019448800 nmethod 11926 0x000000000504d090 code [0x000000000504d1e0, 0x000000000504d350]
Event: 45.913 Thread 0x0000000019448800 11928       2       com.android.tools.r8.code.SubInt2Addr::<init> (7 bytes)
Event: 45.913 Thread 0x0000000019448800 nmethod 11928 0x000000000504d3d0 code [0x000000000504d520, 0x000000000504d6d0]
Event: 45.942 Thread 0x0000000019448800 11931       2       java.util.SubList$1::next (25 bytes)
Event: 45.943 Thread 0x0000000019448800 nmethod 11931 0x000000000504d810 code [0x000000000504d9a0, 0x000000000504dc28]
Event: 45.948 Thread 0x0000000019448800 11932       1       com.android.tools.r8.graph.DexDebugEvent$AdvanceLine::hashCode (10 bytes)
Event: 45.949 Thread 0x0000000019448800 nmethod 11932 0x000000000504ddd0 code [0x000000000504df20, 0x000000000504e030]
Event: 45.949 Thread 0x0000000019448800 11933       2       com.android.tools.r8.code.MonitorExit::<init> (7 bytes)
Event: 45.949 Thread 0x0000000019448800 nmethod 11933 0x000000000504e090 code [0x000000000504e1e0, 0x000000000504e370]

GC Heap History (10 events):
Event: 14.452 GC heap before
{Heap before GC invocations=10 (full 2):
 PSYoungGen      total 140800K, used 131072K [0x00000000d5580000, 0x00000000e0a80000, 0x0000000100000000)
  eden space 131072K, 100% used [0x00000000d5580000,0x00000000dd580000,0x00000000dd580000)
  from space 9728K, 0% used [0x00000000dd580000,0x00000000dd580000,0x00000000ddf00000)
  to   space 12800K, 0% used [0x00000000dfe00000,0x00000000dfe00000,0x00000000e0a80000)
 ParOldGen       total 100352K, used 19105K [0x0000000080000000, 0x0000000086200000, 0x00000000d5580000)
  object space 100352K, 19% used [0x0000000080000000,0x00000000812a8770,0x0000000086200000)
 Metaspace       used 43324K, capacity 44094K, committed 44328K, reserved 1087488K
  class space    used 5873K, capacity 6130K, committed 6192K, reserved 1048576K
Event: 14.485 GC heap after
Heap after GC invocations=10 (full 2):
 PSYoungGen      total 169984K, used 12774K [0x00000000d5580000, 0x00000000e2280000, 0x0000000100000000)
  eden space 157184K, 0% used [0x00000000d5580000,0x00000000d5580000,0x00000000def00000)
  from space 12800K, 99% used [0x00000000dfe00000,0x00000000e0a79a30,0x00000000e0a80000)
  to   space 15360K, 0% used [0x00000000def00000,0x00000000def00000,0x00000000dfe00000)
 ParOldGen       total 100352K, used 21885K [0x0000000080000000, 0x0000000086200000, 0x00000000d5580000)
  object space 100352K, 21% used [0x0000000080000000,0x000000008155f540,0x0000000086200000)
 Metaspace       used 43324K, capacity 44094K, committed 44328K, reserved 1087488K
  class space    used 5873K, capacity 6130K, committed 6192K, reserved 1048576K
}
Event: 21.570 GC heap before
{Heap before GC invocations=11 (full 2):
 PSYoungGen      total 169984K, used 169958K [0x00000000d5580000, 0x00000000e2280000, 0x0000000100000000)
  eden space 157184K, 100% used [0x00000000d5580000,0x00000000def00000,0x00000000def00000)
  from space 12800K, 99% used [0x00000000dfe00000,0x00000000e0a79a30,0x00000000e0a80000)
  to   space 15360K, 0% used [0x00000000def00000,0x00000000def00000,0x00000000dfe00000)
 ParOldGen       total 100352K, used 21885K [0x0000000080000000, 0x0000000086200000, 0x00000000d5580000)
  object space 100352K, 21% used [0x0000000080000000,0x000000008155f540,0x0000000086200000)
 Metaspace       used 55308K, capacity 56878K, committed 57128K, reserved 1097728K
  class space    used 7525K, capacity 7918K, committed 7984K, reserved 1048576K
Event: 21.630 GC heap after
Heap after GC invocations=11 (full 2):
 PSYoungGen      total 172544K, used 15357K [0x00000000d5580000, 0x00000000e3900000, 0x0000000100000000)
  eden space 157184K, 0% used [0x00000000d5580000,0x00000000d5580000,0x00000000def00000)
  from space 15360K, 99% used [0x00000000def00000,0x00000000dfdff540,0x00000000dfe00000)
  to   space 21504K, 0% used [0x00000000e2400000,0x00000000e2400000,0x00000000e3900000)
 ParOldGen       total 100352K, used 31358K [0x0000000080000000, 0x0000000086200000, 0x00000000d5580000)
  object space 100352K, 31% used [0x0000000080000000,0x0000000081e9f9b8,0x0000000086200000)
 Metaspace       used 55308K, capacity 56878K, committed 57128K, reserved 1097728K
  class space    used 7525K, capacity 7918K, committed 7984K, reserved 1048576K
}
Event: 24.134 GC heap before
{Heap before GC invocations=12 (full 2):
 PSYoungGen      total 172544K, used 79476K [0x00000000d5580000, 0x00000000e3900000, 0x0000000100000000)
  eden space 157184K, 40% used [0x00000000d5580000,0x00000000d941dcf0,0x00000000def00000)
  from space 15360K, 99% used [0x00000000def00000,0x00000000dfdff540,0x00000000dfe00000)
  to   space 21504K, 0% used [0x00000000e2400000,0x00000000e2400000,0x00000000e3900000)
 ParOldGen       total 100352K, used 31358K [0x0000000080000000, 0x0000000086200000, 0x00000000d5580000)
  object space 100352K, 31% used [0x0000000080000000,0x0000000081e9f9b8,0x0000000086200000)
 Metaspace       used 57466K, capacity 59046K, committed 59160K, reserved 1099776K
  class space    used 7773K, capacity 8186K, committed 8240K, reserved 1048576K
Event: 24.171 GC heap after
Heap after GC invocations=12 (full 2):
 PSYoungGen      total 211456K, used 10428K [0x00000000d5580000, 0x00000000e3800000, 0x0000000100000000)
  eden space 190976K, 0% used [0x00000000d5580000,0x00000000d5580000,0x00000000e1000000)
  from space 20480K, 50% used [0x00000000e2400000,0x00000000e2e2f058,0x00000000e3800000)
  to   space 20480K, 0% used [0x00000000e1000000,0x00000000e1000000,0x00000000e2400000)
 ParOldGen       total 100352K, used 39120K [0x0000000080000000, 0x0000000086200000, 0x00000000d5580000)
  object space 100352K, 38% used [0x0000000080000000,0x0000000082634340,0x0000000086200000)
 Metaspace       used 57466K, capacity 59046K, committed 59160K, reserved 1099776K
  class space    used 7773K, capacity 8186K, committed 8240K, reserved 1048576K
}
Event: 24.171 GC heap before
{Heap before GC invocations=13 (full 3):
 PSYoungGen      total 211456K, used 10428K [0x00000000d5580000, 0x00000000e3800000, 0x0000000100000000)
  eden space 190976K, 0% used [0x00000000d5580000,0x00000000d5580000,0x00000000e1000000)
  from space 20480K, 50% used [0x00000000e2400000,0x00000000e2e2f058,0x00000000e3800000)
  to   space 20480K, 0% used [0x00000000e1000000,0x00000000e1000000,0x00000000e2400000)
 ParOldGen       total 100352K, used 39120K [0x0000000080000000, 0x0000000086200000, 0x00000000d5580000)
  object space 100352K, 38% used [0x0000000080000000,0x0000000082634340,0x0000000086200000)
 Metaspace       used 57466K, capacity 59046K, committed 59160K, reserved 1099776K
  class space    used 7773K, capacity 8186K, committed 8240K, reserved 1048576K
Event: 24.614 GC heap after
Heap after GC invocations=13 (full 3):
 PSYoungGen      total 211456K, used 0K [0x00000000d5580000, 0x00000000e3800000, 0x0000000100000000)
  eden space 190976K, 0% used [0x00000000d5580000,0x00000000d5580000,0x00000000e1000000)
  from space 20480K, 0% used [0x00000000e2400000,0x00000000e2400000,0x00000000e3800000)
  to   space 20480K, 0% used [0x00000000e1000000,0x00000000e1000000,0x00000000e2400000)
 ParOldGen       total 157184K, used 39817K [0x0000000080000000, 0x0000000089980000, 0x00000000d5580000)
  object space 157184K, 25% used [0x0000000080000000,0x00000000826e24f0,0x0000000089980000)
 Metaspace       used 57466K, capacity 59046K, committed 59160K, reserved 1099776K
  class space    used 7773K, capacity 8186K, committed 8240K, reserved 1048576K
}
Event: 41.640 GC heap before
{Heap before GC invocations=14 (full 3):
 PSYoungGen      total 211456K, used 190976K [0x00000000d5580000, 0x00000000e3800000, 0x0000000100000000)
  eden space 190976K, 100% used [0x00000000d5580000,0x00000000e1000000,0x00000000e1000000)
  from space 20480K, 0% used [0x00000000e2400000,0x00000000e2400000,0x00000000e3800000)
  to   space 20480K, 0% used [0x00000000e1000000,0x00000000e1000000,0x00000000e2400000)
 ParOldGen       total 157184K, used 39817K [0x0000000080000000, 0x0000000089980000, 0x00000000d5580000)
  object space 157184K, 25% used [0x0000000080000000,0x00000000826e24f0,0x0000000089980000)
 Metaspace       used 71264K, capacity 73430K, committed 73752K, reserved 1114112K
  class space    used 9439K, capacity 9960K, committed 10032K, reserved 1048576K
Event: 41.691 GC heap after
Heap after GC invocations=14 (full 3):
 PSYoungGen      total 211456K, used 19143K [0x00000000d5580000, 0x00000000e5b00000, 0x0000000100000000)
  eden space 190976K, 0% used [0x00000000d5580000,0x00000000d5580000,0x00000000e1000000)
  from space 20480K, 93% used [0x00000000e1000000,0x00000000e22b1f58,0x00000000e2400000)
  to   space 22528K, 0% used [0x00000000e4500000,0x00000000e4500000,0x00000000e5b00000)
 ParOldGen       total 157184K, used 39825K [0x0000000080000000, 0x0000000089980000, 0x00000000d5580000)
  object space 157184K, 25% used [0x0000000080000000,0x00000000826e44f0,0x0000000089980000)
 Metaspace       used 71264K, capacity 73430K, committed 73752K, reserved 1114112K
  class space    used 9439K, capacity 9960K, committed 10032K, reserved 1048576K
}

Deoptimization events (10 events):
Event: 45.488 Thread 0x000000001caf7800 Uncommon trap: reason=class_check action=maybe_recompile pc=0x0000000004f9c378 method=com.android.tools.r8.dex.DexParser.cacheAt(ILjava/util/function/Supplier;)Ljava/lang/Object; @ 32
Event: 45.521 Thread 0x000000001caf9800 Uncommon trap: reason=unstable_if action=reinterpret pc=0x000000000359d430 method=java.util.Arrays.hashCode([Ljava/lang/Object;)I @ 1
Event: 45.521 Thread 0x000000001cafa800 Uncommon trap: reason=unstable_if action=reinterpret pc=0x000000000359d430 method=java.util.Arrays.hashCode([Ljava/lang/Object;)I @ 1
Event: 45.562 Thread 0x000000001caf6800 Uncommon trap: reason=unstable_if action=reinterpret pc=0x0000000004c2f8fc method=com.android.tools.r8.graph.DexString.slowCompareTo(Lcom/android/tools/r8/graph/DexString;)I @ 136
Event: 45.613 Thread 0x000000001caf9800 Uncommon trap: reason=unstable_if action=reinterpret pc=0x0000000004f73bc8 method=java.util.Arrays.equals([B[B)Z @ 2
Event: 45.632 Thread 0x000000001caf7800 Uncommon trap: reason=unstable_if action=reinterpret pc=0x0000000004feaa4c method=com.android.tools.r8.dex.DexParser.cacheAt(ILjava/util/function/Supplier;)Ljava/lang/Object; @ 1
Event: 45.638 Thread 0x000000001caf7800 Uncommon trap: reason=unstable_if action=reinterpret pc=0x0000000004f8d840 method=com.android.tools.r8.graph.DexMethod.computeEquals(Ljava/lang/Object;)Z @ 37
Event: 45.641 Thread 0x000000001caf7800 Uncommon trap: reason=unstable_if action=reinterpret pc=0x0000000004f97f28 method=com.android.tools.r8.graph.DexProto.computeEquals(Ljava/lang/Object;)Z @ 23
Event: 45.793 Thread 0x000000001cafa800 Uncommon trap: reason=unstable_if action=reinterpret pc=0x00000000035a8500 method=com.android.tools.r8.utils.IdentifierUtils.isSimpleNameChar(I)Z @ 45
Event: 45.798 Thread 0x000000001cafa800 Uncommon trap: reason=unstable_if action=reinterpret pc=0x000000000500ee7c method=com.android.tools.r8.graph.DexString.slowCompareTo(Lcom/android/tools/r8/graph/DexString;)I @ 80

Classes redefined (0 events):
No events

Internal exceptions (10 events):
Event: 44.240 Thread 0x000000001b00f000 Exception <a 'sun/nio/fs/WindowsException'> (0x00000000d9adf8a8) thrown at [D:\src\AOSP-openjdk-cygwin\jdk8u\hotspot\src\share\vm\prims\jni.cpp, line 709]
Event: 44.266 Thread 0x000000001b00f000 Exception <a 'sun/nio/fs/WindowsException'> (0x00000000d9c29a48) thrown at [D:\src\AOSP-openjdk-cygwin\jdk8u\hotspot\src\share\vm\prims\jni.cpp, line 709]
Event: 44.280 Thread 0x000000001b00f000 Exception <a 'sun/nio/fs/WindowsException'> (0x00000000d9c6edf0) thrown at [D:\src\AOSP-openjdk-cygwin\jdk8u\hotspot\src\share\vm\prims\jni.cpp, line 709]
Event: 44.297 Thread 0x000000001b00f000 Exception <a 'sun/nio/fs/WindowsException'> (0x00000000d9c74228) thrown at [D:\src\AOSP-openjdk-cygwin\jdk8u\hotspot\src\share\vm\prims\jni.cpp, line 709]
Event: 44.301 Thread 0x000000001b00f000 Exception <a 'sun/nio/fs/WindowsException'> (0x00000000d9c796b0) thrown at [D:\src\AOSP-openjdk-cygwin\jdk8u\hotspot\src\share\vm\prims\jni.cpp, line 709]
Event: 44.310 Thread 0x000000001b00f000 Exception <a 'sun/nio/fs/WindowsException'> (0x00000000d9c84b18) thrown at [D:\src\AOSP-openjdk-cygwin\jdk8u\hotspot\src\share\vm\prims\jni.cpp, line 709]
Event: 44.314 Thread 0x000000001b00f000 Exception <a 'sun/nio/fs/WindowsException'> (0x00000000d9dca6d8) thrown at [D:\src\AOSP-openjdk-cygwin\jdk8u\hotspot\src\share\vm\prims\jni.cpp, line 709]
Event: 45.095 Thread 0x000000001b005000 Exception <a 'sun/nio/fs/WindowsException'> (0x00000000dbc35a48) thrown at [D:\src\AOSP-openjdk-cygwin\jdk8u\hotspot\src\share\vm\prims\jni.cpp, line 709]
Event: 45.521 Thread 0x000000001caf9800 Implicit null exception at 0x000000000359d32f to 0x000000000359d421
Event: 45.521 Thread 0x000000001cafa800 Implicit null exception at 0x000000000359d32f to 0x000000000359d421

Events (10 events):
Event: 45.638 Thread 0x000000001caf7800 DEOPT UNPACKING pc=0x000000000300557b sp=0x000000002695eae0 mode 2
Event: 45.641 Thread 0x000000001caf7800 Uncommon trap: trap_request=0xffffff65 fr.pc=0x0000000004f97f28
Event: 45.641 Thread 0x000000001caf7800 DEOPT PACKING pc=0x0000000004f97f28 sp=0x000000002695ea90
Event: 45.641 Thread 0x000000001caf7800 DEOPT UNPACKING pc=0x000000000300557b sp=0x000000002695ea30 mode 2
Event: 45.793 Thread 0x000000001cafa800 Uncommon trap: trap_request=0xffffff65 fr.pc=0x00000000035a8500
Event: 45.793 Thread 0x000000001cafa800 DEOPT PACKING pc=0x00000000035a8500 sp=0x000000002685e7e0
Event: 45.793 Thread 0x000000001cafa800 DEOPT UNPACKING pc=0x000000000300557b sp=0x000000002685e778 mode 2
Event: 45.798 Thread 0x000000001cafa800 Uncommon trap: trap_request=0xffffff65 fr.pc=0x000000000500ee7c
Event: 45.798 Thread 0x000000001cafa800 DEOPT PACKING pc=0x000000000500ee7c sp=0x000000002685ea90
Event: 45.798 Thread 0x000000001cafa800 DEOPT UNPACKING pc=0x000000000300557b sp=0x000000002685ea10 mode 2


Dynamic libraries:
0x00007ff630170000 - 0x00007ff6301a1000 	C:\Program Files\Android\Android Studio\jre\bin\java.exe
0x00007ffc85620000 - 0x00007ffc8580d000 	C:\Windows\SYSTEM32\ntdll.dll
0x00007ffc85060000 - 0x00007ffc85113000 	C:\Windows\System32\KERNEL32.DLL
0x00007ffc81ea0000 - 0x00007ffc82133000 	C:\Windows\System32\KERNELBASE.dll
0x00007ffc85470000 - 0x00007ffc85513000 	C:\Windows\System32\ADVAPI32.dll
0x00007ffc84840000 - 0x00007ffc848de000 	C:\Windows\System32\msvcrt.dll
0x00007ffc84fc0000 - 0x00007ffc8505e000 	C:\Windows\System32\sechost.dll
0x00007ffc83220000 - 0x00007ffc83342000 	C:\Windows\System32\RPCRT4.dll
0x00007ffc84e20000 - 0x00007ffc84fb7000 	C:\Windows\System32\USER32.dll
0x00007ffc825c0000 - 0x00007ffc825e0000 	C:\Windows\System32\win32u.dll
0x00007ffc82980000 - 0x00007ffc829a9000 	C:\Windows\System32\GDI32.dll
0x00007ffc825e0000 - 0x00007ffc8277a000 	C:\Windows\System32\gdi32full.dll
0x00007ffc82520000 - 0x00007ffc825c0000 	C:\Windows\System32\msvcp_win.dll
0x00007ffc82320000 - 0x00007ffc8241c000 	C:\Windows\System32\ucrtbase.dll
0x00007ffc732c0000 - 0x00007ffc73539000 	C:\Windows\WinSxS\amd64_microsoft.windows.common-controls_6595b64144ccf1df_6.0.17763.253_none_05b2388e0721fece\COMCTL32.dll
0x00007ffc82e90000 - 0x00007ffc831bd000 	C:\Windows\System32\combase.dll
0x00007ffc82780000 - 0x00007ffc827fe000 	C:\Windows\System32\bcryptPrimitives.dll
0x00007ffc848f0000 - 0x00007ffc8491e000 	C:\Windows\System32\IMM32.DLL
0x00000000632c0000 - 0x0000000063392000 	C:\Program Files\Android\Android Studio\jre\jre\bin\msvcr100.dll
0x00000000633a0000 - 0x0000000063be1000 	C:\Program Files\Android\Android Studio\jre\jre\bin\server\jvm.dll
0x00007ffc848e0000 - 0x00007ffc848e8000 	C:\Windows\System32\PSAPI.DLL
0x00007ffc7e0a0000 - 0x00007ffc7e0a9000 	C:\Windows\SYSTEM32\WSOCK32.dll
0x00007ffc7d700000 - 0x00007ffc7d724000 	C:\Windows\SYSTEM32\WINMM.dll
0x00007ffc70540000 - 0x00007ffc7054a000 	C:\Windows\SYSTEM32\VERSION.dll
0x00007ffc853a0000 - 0x00007ffc8540d000 	C:\Windows\System32\WS2_32.dll
0x00007ffc7d6d0000 - 0x00007ffc7d6fd000 	C:\Windows\SYSTEM32\WINMMBASE.dll
0x00007ffc82800000 - 0x00007ffc8284a000 	C:\Windows\System32\cfgmgr32.dll
0x00007ffc7d760000 - 0x00007ffc7d76f000 	C:\Program Files\Android\Android Studio\jre\jre\bin\verify.dll
0x00007ffc7ced0000 - 0x00007ffc7cef9000 	C:\Program Files\Android\Android Studio\jre\jre\bin\java.dll
0x00007ffc7c9f0000 - 0x00007ffc7ca06000 	C:\Program Files\Android\Android Studio\jre\jre\bin\zip.dll
0x00007ffc83350000 - 0x00007ffc8483f000 	C:\Windows\System32\SHELL32.dll
0x00007ffc82de0000 - 0x00007ffc82e88000 	C:\Windows\System32\shcore.dll
0x00007ffc81750000 - 0x00007ffc81e9a000 	C:\Windows\System32\windows.storage.dll
0x00007ffc81620000 - 0x00007ffc81644000 	C:\Windows\System32\profapi.dll
0x00007ffc81670000 - 0x00007ffc816cd000 	C:\Windows\System32\powrprof.dll
0x00007ffc85580000 - 0x00007ffc855d2000 	C:\Windows\System32\shlwapi.dll
0x00007ffc81650000 - 0x00007ffc81661000 	C:\Windows\System32\kernel.appcore.dll
0x00007ffc82420000 - 0x00007ffc82437000 	C:\Windows\System32\cryptsp.dll
0x00007ffc770e0000 - 0x00007ffc770fa000 	C:\Program Files\Android\Android Studio\jre\jre\bin\net.dll
0x00007ffc80eb0000 - 0x00007ffc80f17000 	C:\Windows\system32\mswsock.dll
0x00007ffc77060000 - 0x00007ffc77071000 	C:\Program Files\Android\Android Studio\jre\jre\bin\nio.dll
0x00007ffc75730000 - 0x00007ffc7574e000 	C:\Users\Nick\.gradle\native\25\windows-amd64\native-platform.dll
0x00007ffc7cf60000 - 0x00007ffc7cf6d000 	C:\Program Files\Android\Android Studio\jre\jre\bin\management.dll
0x00007ffc80a70000 - 0x00007ffc80aa3000 	C:\Windows\system32\rsaenh.dll
0x00007ffc82440000 - 0x00007ffc82466000 	C:\Windows\System32\bcrypt.dll
0x00007ffc81550000 - 0x00007ffc81578000 	C:\Windows\SYSTEM32\USERENV.dll
0x00007ffc81080000 - 0x00007ffc8108c000 	C:\Windows\SYSTEM32\CRYPTBASE.dll
0x00007ffc80c10000 - 0x00007ffc80c4d000 	C:\Windows\SYSTEM32\IPHLPAPI.DLL
0x00007ffc855e0000 - 0x00007ffc855e8000 	C:\Windows\System32\NSI.dll
0x00007ffc78650000 - 0x00007ffc78666000 	C:\Windows\SYSTEM32\dhcpcsvc6.DLL
0x00007ffc78630000 - 0x00007ffc7864c000 	C:\Windows\SYSTEM32\dhcpcsvc.DLL
0x00007ffc80c50000 - 0x00007ffc80d16000 	C:\Windows\SYSTEM32\DNSAPI.dll
0x00007ffc806f0000 - 0x00007ffc80721000 	C:\Windows\SYSTEM32\ntmarta.dll

VM Arguments:
jvm_args: -Xmx2048m -Dfile.encoding=windows-1251 -Duser.country=RU -Duser.language=ru -Duser.variant 
java_command: org.gradle.launcher.daemon.bootstrap.GradleDaemon 4.6
java_class_path (initial): C:\Users\Nick\.gradle\wrapper\dists\gradle-4.6-all\bcst21l2brirad8k2ben1letg\gradle-4.6\lib\gradle-launcher-4.6.jar
Launcher Type: SUN_STANDARD

Environment Variables:
PATH=C:\Windows\system32;C:\Windows;C:\Windows\System32\Wbem;C:\Windows\System32\WindowsPowerShell\v1.0\;C:\Windows\System32\OpenSSH\;C:\Program Files\NVIDIA Corporation\NVIDIA NvDLISR;C:\Program Files (x86)\NVIDIA Corporation\PhysX\Common;C:\Program Files\Git\cmd;C:\Users\Nick\AppData\Local\Microsoft\WindowsApps;C:\Users\Nick\AppData\Local\GitHubDesktop\bin
USERNAME=Nick
OS=Windows_NT
PROCESSOR_IDENTIFIER=Intel64 Family 6 Model 61 Stepping 4, GenuineIntel



---------------  S Y S T E M  ---------------

OS: Windows 10.0 , 64 bit Build 17763 (10.0.17763.1)

CPU:total 4 (initial active 4) (2 cores per cpu, 2 threads per core) family 6 model 61 stepping 4, cmov, cx8, fxsr, mmx, sse, sse2, sse3, ssse3, sse4.1, sse4.2, popcnt, avx, avx2, aes, clmul, erms, 3dnowpref, lzcnt, ht, tsc, tscinvbit, bmi1, bmi2, adx

Memory: 4k page, physical 8306480k(800296k free), swap 8306480k(4112k free)

vm_info: OpenJDK 64-Bit Server VM (25.152-b06) for windows-amd64 JRE (1.8.0_152-release-1136-b06), built by "builder" with MS VC++ 10.0 (VS2010)

time: Sun Jan 13 12:51:01 2019
elapsed time: 45 seconds (0d 0h 0m 45s)

