#
# There is insufficient memory for the Java Runtime Environment to continue.
# Native memory allocation (malloc) failed to allocate 963936 bytes for Chunk::new
# Possible reasons:
#   The system is out of physical RAM or swap space
#   In 32 bit mode, the process size limit was hit
# Possible solutions:
#   Reduce memory load on the system
#   Increase physical memory or swap space
#   Check if swap backing store is full
#   Use 64 bit Java on a 64 bit OS
#   Decrease Java heap size (-Xmx/-Xms)
#   Decrease number of Java threads
#   Decrease Java thread stack sizes (-Xss)
#   Set larger code cache with -XX:ReservedCodeCacheSize=
# This output file may be truncated or incomplete.
#
#  Out of Memory Error (allocation.cpp:390), pid=8304, tid=0x0000000000000548
#
# JRE version: OpenJDK Runtime Environment (8.0_152-b06) (build 1.8.0_152-release-1136-b06)
# Java VM: OpenJDK 64-Bit Server VM (25.152-b06 mixed mode windows-amd64 compressed oops)
# Failed to write core dump. Minidumps are not enabled by default on client versions of Windows
#

---------------  T H R E A D  ---------------

Current thread (0x0000000016860000):  JavaThread "C2 CompilerThread1" daemon [_thread_in_native, id=1352, stack(0x0000000017fc0000,0x00000000180c0000)]

Stack: [0x0000000017fc0000,0x00000000180c0000]
[error occurred during error reporting (printing stack bounds), id 0xc0000005]

Native frames: (J=compiled Java code, j=interpreted, Vv=VM code, C=native code)


Current CompileTask:
C2:   5773 1342       4       java.net.URLClassLoader$1::run (5 bytes)


---------------  P R O C E S S  ---------------

Java Threads: ( => current thread )
  0x000000001960e800 JavaThread "File lock request listener" [_thread_in_native, id=10088, stack(0x000000001b320000,0x000000001b420000)]
  0x00000000197d1000 JavaThread "Cache worker for file hash cache (C:\Users\Nick\.gradle\caches\4.6\fileHashes)" [_thread_blocked, id=2652, stack(0x000000001b220000,0x000000001b320000)]
  0x000000001990e000 JavaThread "Stdin handler" [_thread_blocked, id=6500, stack(0x000000001af20000,0x000000001b020000)]
  0x0000000019909000 JavaThread "Asynchronous log dispatcher for DefaultDaemonConnection: socket connection from /127.0.0.1:57351 to /127.0.0.1:57352" [_thread_blocked, id=12068, stack(0x000000001ae20000,0x000000001af20000)]
  0x0000000019906800 JavaThread "Daemon worker" [_thread_in_Java, id=11152, stack(0x000000001ad20000,0x000000001ae20000)]
  0x0000000019903000 JavaThread "Cancel handler" [_thread_blocked, id=10520, stack(0x000000001ac20000,0x000000001ad20000)]
  0x00000000196bd000 JavaThread "Handler for socket connection from /127.0.0.1:57351 to /127.0.0.1:57352" [_thread_in_native, id=4728, stack(0x000000001a920000,0x000000001aa20000)]
  0x00000000196bc000 JavaThread "Daemon" [_thread_blocked, id=10432, stack(0x000000001a820000,0x000000001a920000)]
  0x00000000194a5000 JavaThread "Daemon periodic checks" [_thread_blocked, id=1076, stack(0x000000001a720000,0x000000001a820000)]
  0x000000001954a000 JavaThread "Incoming local TCP Connector on port 57351" [_thread_in_native, id=10856, stack(0x000000001a4d0000,0x000000001a5d0000)]
  0x00000000181f2800 JavaThread "Service Thread" daemon [_thread_blocked, id=7132, stack(0x00000000185c0000,0x00000000186c0000)]
  0x0000000016874800 JavaThread "C1 CompilerThread2" daemon [_thread_in_native, id=11464, stack(0x00000000180c0000,0x00000000181c0000)]
=>0x0000000016860000 JavaThread "C2 CompilerThread1" daemon [_thread_in_native, id=1352, stack(0x0000000017fc0000,0x00000000180c0000)]
  0x000000001685a000 JavaThread "C2 CompilerThread0" daemon [_thread_blocked, id=7252, stack(0x0000000017ec0000,0x0000000017fc0000)]
  0x0000000016858800 JavaThread "Attach Listener" daemon [_thread_blocked, id=2628, stack(0x0000000017dc0000,0x0000000017ec0000)]
  0x0000000016867000 JavaThread "Signal Dispatcher" daemon [_thread_blocked, id=11620, stack(0x0000000017cc0000,0x0000000017dc0000)]
  0x0000000002eec000 JavaThread "Finalizer" daemon [_thread_blocked, id=5432, stack(0x0000000017ac0000,0x0000000017bc0000)]
  0x0000000002ee1000 JavaThread "Reference Handler" daemon [_thread_blocked, id=8544, stack(0x00000000179c0000,0x0000000017ac0000)]
  0x00000000013dd800 JavaThread "main" [_thread_blocked, id=2216, stack(0x0000000002c10000,0x0000000002d10000)]

Other Threads:
  0x0000000016825800 VMThread [stack: 0x00000000178c0000,0x00000000179c0000] [id=12004]
  0x00000000168be800 WatcherThread [stack: 0x00000000186c0000,0x00000000187c0000] [id=11716]

VM state:not at safepoint (normal execution)

VM Mutex/Monitor currently owned by a thread: None

Heap:
 PSYoungGen      total 38400K, used 8363K [0x00000000e0000000, 0x00000000e2a80000, 0x0000000100000000)
  eden space 33280K, 9% used [0x00000000e0000000,0x00000000e032dbc8,0x00000000e2080000)
  from space 5120K, 99% used [0x00000000e2080000,0x00000000e257d348,0x00000000e2580000)
  to   space 5120K, 0% used [0x00000000e2580000,0x00000000e2580000,0x00000000e2a80000)
 ParOldGen       total 87552K, used 2078K [0x00000000a0000000, 0x00000000a5580000, 0x00000000e0000000)
  object space 87552K, 2% used [0x00000000a0000000,0x00000000a0207b58,0x00000000a5580000)
 Metaspace       used 14539K, capacity 14840K, committed 15104K, reserved 1062912K
  class space    used 2049K, capacity 2190K, committed 2304K, reserved 1048576K

Card table byte_map: [0x00000000122b0000,0x00000000125c0000] byte_map_base: 0x0000000011db0000

Marking Bits: (ParMarkBitMap*) 0x0000000063b65aa0
 Begin Bits: [0x0000000012bc0000, 0x00000000143c0000)
 End Bits:   [0x00000000143c0000, 0x0000000015bc0000)

Polling page: 0x0000000000ef0000

CodeCache: size=245760Kb used=4714Kb max_used=4723Kb free=241045Kb
 bounds [0x0000000002ef0000, 0x0000000003390000, 0x0000000011ef0000]
 total_blobs=1735 nmethods=1367 adapters=282
 compilation: enabled

Compilation events (10 events):
Event: 5.745 Thread 0x0000000016874800 nmethod 1348 0x00000000033819d0 code [0x0000000003381ea0, 0x0000000003385e18]
Event: 5.748 Thread 0x0000000016874800 1349       3       java.lang.StringBuilder::append (10 bytes)
Event: 5.748 Thread 0x0000000016874800 nmethod 1349 0x0000000003381650 code [0x00000000033817c0, 0x0000000003381948]
Event: 5.748 Thread 0x0000000016874800 1350       1       com.google.common.io.LineReader::access$000 (5 bytes)
Event: 5.748 Thread 0x0000000016874800 nmethod 1350 0x0000000003381390 code [0x00000000033814e0, 0x00000000033815d0]
Event: 5.750 Thread 0x0000000016874800 1351       3       com.google.common.io.LineBuffer::finishLine (61 bytes)
Event: 5.751 Thread 0x0000000016874800 nmethod 1351 0x0000000003380850 code [0x0000000003380a00, 0x0000000003381118]
Event: 5.751 Thread 0x0000000016874800 1352       3       com.google.common.io.LineReader$1::handleLine (15 bytes)
Event: 5.751 Thread 0x0000000016874800 nmethod 1352 0x0000000003380390 code [0x0000000003380500, 0x0000000003380728]
Event: 5.770 Thread 0x0000000016874800 1354       3       java.util.ArrayList$SubList::checkForComodification (23 bytes)

GC Heap History (6 events):
Event: 2.364 GC heap before
{Heap before GC invocations=1 (full 0):
 PSYoungGen      total 38400K, used 33280K [0x00000000e0000000, 0x00000000e2a80000, 0x0000000100000000)
  eden space 33280K, 100% used [0x00000000e0000000,0x00000000e2080000,0x00000000e2080000)
  from space 5120K, 0% used [0x00000000e2580000,0x00000000e2580000,0x00000000e2a80000)
  to   space 5120K, 0% used [0x00000000e2080000,0x00000000e2080000,0x00000000e2580000)
 ParOldGen       total 87552K, used 0K [0x00000000a0000000, 0x00000000a5580000, 0x00000000e0000000)
  object space 87552K, 0% used [0x00000000a0000000,0x00000000a0000000,0x00000000a5580000)
 Metaspace       used 6960K, capacity 7060K, committed 7424K, reserved 1056768K
  class space    used 845K, capacity 909K, committed 1024K, reserved 1048576K
Event: 2.376 GC heap after
Heap after GC invocations=1 (full 0):
 PSYoungGen      total 38400K, used 4223K [0x00000000e0000000, 0x00000000e2a80000, 0x0000000100000000)
  eden space 33280K, 0% used [0x00000000e0000000,0x00000000e0000000,0x00000000e2080000)
  from space 5120K, 82% used [0x00000000e2080000,0x00000000e249fe68,0x00000000e2580000)
  to   space 5120K, 0% used [0x00000000e2580000,0x00000000e2580000,0x00000000e2a80000)
 ParOldGen       total 87552K, used 8K [0x00000000a0000000, 0x00000000a5580000, 0x00000000e0000000)
  object space 87552K, 0% used [0x00000000a0000000,0x00000000a0002000,0x00000000a5580000)
 Metaspace       used 6960K, capacity 7060K, committed 7424K, reserved 1056768K
  class space    used 845K, capacity 909K, committed 1024K, reserved 1048576K
}
Event: 5.034 GC heap before
{Heap before GC invocations=2 (full 0):
 PSYoungGen      total 38400K, used 37503K [0x00000000e0000000, 0x00000000e2a80000, 0x0000000100000000)
  eden space 33280K, 100% used [0x00000000e0000000,0x00000000e2080000,0x00000000e2080000)
  from space 5120K, 82% used [0x00000000e2080000,0x00000000e249fe68,0x00000000e2580000)
  to   space 5120K, 0% used [0x00000000e2580000,0x00000000e2580000,0x00000000e2a80000)
 ParOldGen       total 87552K, used 8K [0x00000000a0000000, 0x00000000a5580000, 0x00000000e0000000)
  object space 87552K, 0% used [0x00000000a0000000,0x00000000a0002000,0x00000000a5580000)
 Metaspace       used 10858K, capacity 11088K, committed 11264K, reserved 1058816K
  class space    used 1425K, capacity 1522K, committed 1536K, reserved 1048576K
Event: 5.050 GC heap after
Heap after GC invocations=2 (full 0):
 PSYoungGen      total 38400K, used 5118K [0x00000000e0000000, 0x00000000e2a80000, 0x0000000100000000)
  eden space 33280K, 0% used [0x00000000e0000000,0x00000000e0000000,0x00000000e2080000)
  from space 5120K, 99% used [0x00000000e2580000,0x00000000e2a7f830,0x00000000e2a80000)
  to   space 5120K, 0% used [0x00000000e2080000,0x00000000e2080000,0x00000000e2580000)
 ParOldGen       total 87552K, used 173K [0x00000000a0000000, 0x00000000a5580000, 0x00000000e0000000)
  object space 87552K, 0% used [0x00000000a0000000,0x00000000a002b768,0x00000000a5580000)
 Metaspace       used 10858K, capacity 11088K, committed 11264K, reserved 1058816K
  class space    used 1425K, capacity 1522K, committed 1536K, reserved 1048576K
}
Event: 5.685 GC heap before
{Heap before GC invocations=3 (full 0):
 PSYoungGen      total 38400K, used 38398K [0x00000000e0000000, 0x00000000e2a80000, 0x0000000100000000)
  eden space 33280K, 100% used [0x00000000e0000000,0x00000000e2080000,0x00000000e2080000)
  from space 5120K, 99% used [0x00000000e2580000,0x00000000e2a7f830,0x00000000e2a80000)
  to   space 5120K, 0% used [0x00000000e2080000,0x00000000e2080000,0x00000000e2580000)
 ParOldGen       total 87552K, used 173K [0x00000000a0000000, 0x00000000a5580000, 0x00000000e0000000)
  object space 87552K, 0% used [0x00000000a0000000,0x00000000a002b768,0x00000000a5580000)
 Metaspace       used 14165K, capacity 14520K, committed 14720K, reserved 1062912K
  class space    used 1984K, capacity 2126K, committed 2176K, reserved 1048576K
Event: 5.696 GC heap after
Heap after GC invocations=3 (full 0):
 PSYoungGen      total 38400K, used 5108K [0x00000000e0000000, 0x00000000e2a80000, 0x0000000100000000)
  eden space 33280K, 0% used [0x00000000e0000000,0x00000000e0000000,0x00000000e2080000)
  from space 5120K, 99% used [0x00000000e2080000,0x00000000e257d348,0x00000000e2580000)
  to   space 5120K, 0% used [0x00000000e2580000,0x00000000e2580000,0x00000000e2a80000)
 ParOldGen       total 87552K, used 2078K [0x00000000a0000000, 0x00000000a5580000, 0x00000000e0000000)
  object space 87552K, 2% used [0x00000000a0000000,0x00000000a0207b58,0x00000000a5580000)
 Metaspace       used 14165K, capacity 14520K, committed 14720K, reserved 1062912K
  class space    used 1984K, capacity 2126K, committed 2176K, reserved 1048576K
}

Deoptimization events (10 events):
Event: 3.364 Thread 0x00000000013dd800 Uncommon trap: reason=bimorphic action=maybe_recompile pc=0x0000000003226f84 method=java.util.HashMap.putVal(ILjava/lang/Object;Ljava/lang/Object;ZZ)Ljava/lang/Object; @ 203
Event: 3.834 Thread 0x00000000013dd800 Uncommon trap: reason=unstable_if action=reinterpret pc=0x00000000031a1b18 method=java.io.WinNTFileSystem.normalize(Ljava/lang/String;)Ljava/lang/String; @ 128
Event: 3.835 Thread 0x00000000013dd800 Uncommon trap: reason=unstable_if action=reinterpret pc=0x0000000003217068 method=java.io.WinNTFileSystem.normalize(Ljava/lang/String;II)Ljava/lang/String; @ 90
Event: 5.119 Thread 0x00000000196bd000 Uncommon trap: reason=unstable_if action=reinterpret pc=0x00000000032ef1b0 method=java.util.concurrent.ConcurrentHashMap.putVal(Ljava/lang/Object;Ljava/lang/Object;Z)Ljava/lang/Object; @ 206
Event: 5.234 Thread 0x0000000019906800 Uncommon trap: reason=bimorphic action=maybe_recompile pc=0x00000000032268c8 method=java.util.HashMap.putVal(ILjava/lang/Object;Ljava/lang/Object;ZZ)Ljava/lang/Object; @ 253
Event: 5.234 Thread 0x0000000019906800 Uncommon trap: reason=bimorphic action=maybe_recompile pc=0x00000000032268c8 method=java.util.HashMap.putVal(ILjava/lang/Object;Ljava/lang/Object;ZZ)Ljava/lang/Object; @ 253
Event: 5.234 Thread 0x0000000019906800 Uncommon trap: reason=bimorphic action=maybe_recompile pc=0x00000000032268c8 method=java.util.HashMap.putVal(ILjava/lang/Object;Ljava/lang/Object;ZZ)Ljava/lang/Object; @ 253
Event: 5.550 Thread 0x0000000019906800 Uncommon trap: reason=class_check action=maybe_recompile pc=0x000000000319e844 method=java.util.regex.Matcher.match(II)Z @ 86
Event: 5.551 Thread 0x0000000019906800 Uncommon trap: reason=class_check action=maybe_recompile pc=0x000000000319e844 method=java.util.regex.Matcher.match(II)Z @ 86
Event: 5.632 Thread 0x0000000019906800 Uncommon trap: reason=class_check action=maybe_recompile pc=0x0000000003164b9c method=java.util.regex.Matcher.match(II)Z @ 86

Classes redefined (0 events):
No events

Internal exceptions (10 events):
Event: 5.147 Thread 0x00000000196bd000 Exception <a 'java/lang/NoSuchMethodError': <clinit>> (0x00000000e026a1f8) thrown at [D:\src\AOSP-openjdk-cygwin\jdk8u\hotspot\src\share\vm\prims\jni.cpp, line 1613]
Event: 5.147 Thread 0x00000000196bd000 Exception <a 'java/lang/NoSuchMethodError': <clinit>> (0x00000000e0272cc0) thrown at [D:\src\AOSP-openjdk-cygwin\jdk8u\hotspot\src\share\vm\prims\jni.cpp, line 1613]
Event: 5.149 Thread 0x00000000196bd000 Exception <a 'java/lang/NoSuchMethodError': <clinit>> (0x00000000e0284360) thrown at [D:\src\AOSP-openjdk-cygwin\jdk8u\hotspot\src\share\vm\prims\jni.cpp, line 1613]
Event: 5.169 Thread 0x00000000196bd000 Exception <a 'java/lang/NoSuchMethodError': <clinit>> (0x00000000e02fd040) thrown at [D:\src\AOSP-openjdk-cygwin\jdk8u\hotspot\src\share\vm\prims\jni.cpp, line 1613]
Event: 5.177 Thread 0x00000000196bd000 Exception <a 'java/lang/NoSuchMethodError': <clinit>> (0x00000000e0321ec0) thrown at [D:\src\AOSP-openjdk-cygwin\jdk8u\hotspot\src\share\vm\prims\jni.cpp, line 1613]
Event: 5.182 Thread 0x00000000196bd000 Exception <a 'java/lang/NoSuchMethodError': <clinit>> (0x00000000e033c798) thrown at [D:\src\AOSP-openjdk-cygwin\jdk8u\hotspot\src\share\vm\prims\jni.cpp, line 1613]
Event: 5.183 Thread 0x00000000196bd000 Exception <a 'java/lang/NoSuchMethodError': <clinit>> (0x00000000e03481f8) thrown at [D:\src\AOSP-openjdk-cygwin\jdk8u\hotspot\src\share\vm\prims\jni.cpp, line 1613]
Event: 5.188 Thread 0x00000000196bd000 Exception <a 'java/lang/NoSuchMethodError': <clinit>> (0x00000000e036a230) thrown at [D:\src\AOSP-openjdk-cygwin\jdk8u\hotspot\src\share\vm\prims\jni.cpp, line 1613]
Event: 5.218 Thread 0x0000000019906800 Exception <a 'java/lang/NoSuchMethodError': <clinit>> (0x00000000e04b45b8) thrown at [D:\src\AOSP-openjdk-cygwin\jdk8u\hotspot\src\share\vm\prims\jni.cpp, line 1613]
Event: 5.219 Thread 0x0000000019906800 Exception <a 'java/lang/NoSuchMethodError': <clinit>> (0x00000000e04bc840) thrown at [D:\src\AOSP-openjdk-cygwin\jdk8u\hotspot\src\share\vm\prims\jni.cpp, line 1613]

Events (10 events):
Event: 5.765 loading class com/google/common/base/Splitter$SplittingIterator
Event: 5.765 loading class com/google/common/base/Splitter$SplittingIterator done
Event: 5.766 loading class com/google/common/base/AbstractIterator
Event: 5.766 loading class com/google/common/base/AbstractIterator done
Event: 5.766 loading class com/google/common/base/Splitter$1$1
Event: 5.766 loading class com/google/common/base/Splitter$1$1 done
Event: 5.768 loading class com/google/common/base/AbstractIterator$State
Event: 5.768 loading class com/google/common/base/AbstractIterator$State done
Event: 5.768 loading class com/google/common/base/AbstractIterator$1
Event: 5.768 loading class com/google/common/base/AbstractIterator$1 done


Dynamic libraries:
0x00007ff630170000 - 0x00007ff6301a1000 	C:\Program Files\Android\Android Studio\jre\bin\java.exe
0x00007ffc85620000 - 0x00007ffc8580d000 	C:\Windows\SYSTEM32\ntdll.dll
0x00007ffc85060000 - 0x00007ffc85113000 	C:\Windows\System32\KERNEL32.DLL
0x00007ffc81ea0000 - 0x00007ffc82133000 	C:\Windows\System32\KERNELBASE.dll
0x00007ffc85470000 - 0x00007ffc85513000 	C:\Windows\System32\ADVAPI32.dll
0x00007ffc84840000 - 0x00007ffc848de000 	C:\Windows\System32\msvcrt.dll
0x00007ffc84fc0000 - 0x00007ffc8505e000 	C:\Windows\System32\sechost.dll
0x00007ffc83220000 - 0x00007ffc83342000 	C:\Windows\System32\RPCRT4.dll
0x00007ffc84e20000 - 0x00007ffc84fb7000 	C:\Windows\System32\USER32.dll
0x00007ffc825c0000 - 0x00007ffc825e0000 	C:\Windows\System32\win32u.dll
0x00007ffc82980000 - 0x00007ffc829a9000 	C:\Windows\System32\GDI32.dll
0x00007ffc825e0000 - 0x00007ffc8277a000 	C:\Windows\System32\gdi32full.dll
0x00007ffc82520000 - 0x00007ffc825c0000 	C:\Windows\System32\msvcp_win.dll
0x00007ffc82320000 - 0x00007ffc8241c000 	C:\Windows\System32\ucrtbase.dll
0x00007ffc732c0000 - 0x00007ffc73539000 	C:\Windows\WinSxS\amd64_microsoft.windows.common-controls_6595b64144ccf1df_6.0.17763.253_none_05b2388e0721fece\COMCTL32.dll
0x00007ffc82e90000 - 0x00007ffc831bd000 	C:\Windows\System32\combase.dll
0x00007ffc82780000 - 0x00007ffc827fe000 	C:\Windows\System32\bcryptPrimitives.dll
0x00007ffc848f0000 - 0x00007ffc8491e000 	C:\Windows\System32\IMM32.DLL
0x00000000632c0000 - 0x0000000063392000 	C:\Program Files\Android\Android Studio\jre\jre\bin\msvcr100.dll
0x00000000633a0000 - 0x0000000063be1000 	C:\Program Files\Android\Android Studio\jre\jre\bin\server\jvm.dll
0x00007ffc848e0000 - 0x00007ffc848e8000 	C:\Windows\System32\PSAPI.DLL
0x00007ffc7cd90000 - 0x00007ffc7cd99000 	C:\Windows\SYSTEM32\WSOCK32.dll
0x00007ffc7d700000 - 0x00007ffc7d724000 	C:\Windows\SYSTEM32\WINMM.dll
0x00007ffc70540000 - 0x00007ffc7054a000 	C:\Windows\SYSTEM32\VERSION.dll
0x00007ffc853a0000 - 0x00007ffc8540d000 	C:\Windows\System32\WS2_32.dll
0x00007ffc7d6d0000 - 0x00007ffc7d6fd000 	C:\Windows\SYSTEM32\winmmbase.dll
0x00007ffc82800000 - 0x00007ffc8284a000 	C:\Windows\System32\cfgmgr32.dll
0x00007ffc7bce0000 - 0x00007ffc7bcef000 	C:\Program Files\Android\Android Studio\jre\jre\bin\verify.dll
0x00007ffc73580000 - 0x00007ffc735a9000 	C:\Program Files\Android\Android Studio\jre\jre\bin\java.dll
0x00007ffc729b0000 - 0x00007ffc729c6000 	C:\Program Files\Android\Android Studio\jre\jre\bin\zip.dll
0x00007ffc83350000 - 0x00007ffc8483f000 	C:\Windows\System32\SHELL32.dll
0x00007ffc82de0000 - 0x00007ffc82e88000 	C:\Windows\System32\shcore.dll
0x00007ffc81750000 - 0x00007ffc81e9a000 	C:\Windows\System32\windows.storage.dll
0x00007ffc81620000 - 0x00007ffc81644000 	C:\Windows\System32\profapi.dll
0x00007ffc81670000 - 0x00007ffc816cd000 	C:\Windows\System32\powrprof.dll
0x00007ffc85580000 - 0x00007ffc855d2000 	C:\Windows\System32\shlwapi.dll
0x00007ffc81650000 - 0x00007ffc81661000 	C:\Windows\System32\kernel.appcore.dll
0x00007ffc82420000 - 0x00007ffc82437000 	C:\Windows\System32\cryptsp.dll
0x00007ffc72870000 - 0x00007ffc7288a000 	C:\Program Files\Android\Android Studio\jre\jre\bin\net.dll
0x00007ffc80eb0000 - 0x00007ffc80f17000 	C:\Windows\system32\mswsock.dll
0x00007ffc719d0000 - 0x00007ffc719e1000 	C:\Program Files\Android\Android Studio\jre\jre\bin\nio.dll
0x00007ffc650b0000 - 0x00007ffc650ce000 	C:\Users\Nick\.gradle\native\25\windows-amd64\native-platform.dll
0x00007ffc7b690000 - 0x00007ffc7b69d000 	C:\Program Files\Android\Android Studio\jre\jre\bin\management.dll
0x00007ffc80a70000 - 0x00007ffc80aa3000 	C:\Windows\system32\rsaenh.dll
0x00007ffc82440000 - 0x00007ffc82466000 	C:\Windows\System32\bcrypt.dll
0x00007ffc81550000 - 0x00007ffc81578000 	C:\Windows\SYSTEM32\USERENV.dll
0x00007ffc81080000 - 0x00007ffc8108c000 	C:\Windows\SYSTEM32\CRYPTBASE.dll
0x00007ffc80c10000 - 0x00007ffc80c4d000 	C:\Windows\SYSTEM32\IPHLPAPI.DLL
0x00007ffc855e0000 - 0x00007ffc855e8000 	C:\Windows\System32\NSI.dll
0x00007ffc78650000 - 0x00007ffc78666000 	C:\Windows\SYSTEM32\dhcpcsvc6.DLL
0x00007ffc78630000 - 0x00007ffc7864c000 	C:\Windows\SYSTEM32\dhcpcsvc.DLL
0x00007ffc80c50000 - 0x00007ffc80d16000 	C:\Windows\SYSTEM32\DNSAPI.dll

VM Arguments:
jvm_args: -Xmx1536m -Dfile.encoding=windows-1251 -Duser.country=RU -Duser.language=ru -Duser.variant 
java_command: org.gradle.launcher.daemon.bootstrap.GradleDaemon 4.6
java_class_path (initial): C:\Users\Nick\.gradle\wrapper\dists\gradle-4.6-all\bcst21l2brirad8k2ben1letg\gradle-4.6\lib\gradle-launcher-4.6.jar
Launcher Type: SUN_STANDARD

Environment Variables:
PATH=C:\Windows\system32;C:\Windows;C:\Windows\System32\Wbem;C:\Windows\System32\WindowsPowerShell\v1.0\;C:\Windows\System32\OpenSSH\;C:\Program Files\NVIDIA Corporation\NVIDIA NvDLISR;C:\Program Files (x86)\NVIDIA Corporation\PhysX\Common;C:\Users\Nick\AppData\Local\Microsoft\WindowsApps;C:\Users\Nick\AppData\Local\GitHubDesktop\bin
USERNAME=Nick
OS=Windows_NT
PROCESSOR_IDENTIFIER=Intel64 Family 6 Model 61 Stepping 4, GenuineIntel



---------------  S Y S T E M  ---------------

OS: Windows 10.0 , 64 bit Build 17763 (10.0.17763.1)

CPU:total 4 (initial active 4) (2 cores per cpu, 2 threads per core) family 6 model 61 stepping 4, cmov, cx8, fxsr, mmx, sse, sse2, sse3, ssse3, sse4.1, sse4.2, popcnt, avx, avx2, aes, clmul, erms, 3dnowpref, lzcnt, ht, tsc, tscinvbit, bmi1, bmi2, adx

Memory: 4k page, physical 8306480k(731896k free), swap 8306480k(5664k free)

vm_info: OpenJDK 64-Bit Server VM (25.152-b06) for windows-amd64 JRE (1.8.0_152-release-1136-b06), built by "builder" with MS VC++ 10.0 (VS2010)

time: Fri Jan 11 21:31:02 2019
elapsed time: 5 seconds (0d 0h 0m 5s)

