#
# There is insufficient memory for the Java Runtime Environment to continue.
# Native memory allocation (malloc) failed to allocate 1145376 bytes for Chunk::new
# Possible reasons:
#   The system is out of physical RAM or swap space
#   In 32 bit mode, the process size limit was hit
# Possible solutions:
#   Reduce memory load on the system
#   Increase physical memory or swap space
#   Check if swap backing store is full
#   Use 64 bit Java on a 64 bit OS
#   Decrease Java heap size (-Xmx/-Xms)
#   Decrease number of Java threads
#   Decrease Java thread stack sizes (-Xss)
#   Set larger code cache with -XX:ReservedCodeCacheSize=
# This output file may be truncated or incomplete.
#
#  Out of Memory Error (allocation.cpp:390), pid=10712, tid=0x0000000000002380
#
# JRE version: OpenJDK Runtime Environment (8.0_152-b06) (build 1.8.0_152-release-1136-b06)
# Java VM: OpenJDK 64-Bit Server VM (25.152-b06 mixed mode windows-amd64 compressed oops)
# Failed to write core dump. Minidumps are not enabled by default on client versions of Windows
#

---------------  T H R E A D  ---------------

Current thread (0x00000000176fb800):  JavaThread "C2 CompilerThread0" daemon [_thread_in_native, id=9088, stack(0x0000000018d60000,0x0000000018e60000)]

Stack: [0x0000000018d60000,0x0000000018e60000]
[error occurred during error reporting (printing stack bounds), id 0xc0000005]

Native frames: (J=compiled Java code, j=interpreted, Vv=VM code, C=native code)


Current CompileTask:
C2:   6354 1451   !   4       java.net.URLClassLoader$1::run (63 bytes)


---------------  P R O C E S S  ---------------

Java Threads: ( => current thread )
  0x000000001a291800 JavaThread "Cache worker for file hash cache (C:\Users\Nick\AndroidStudioProjects\LanguageDetector\.gradle\4.6\fileHashes)" [_thread_blocked, id=8544, stack(0x000000001d290000,0x000000001d390000)]
  0x000000001a707800 JavaThread "File lock request listener" [_thread_in_native, id=7448, stack(0x000000001c1c0000,0x000000001c2c0000)]
  0x000000001a8dd800 JavaThread "Cache worker for file hash cache (C:\Users\Nick\.gradle\caches\4.6\fileHashes)" [_thread_blocked, id=10288, stack(0x000000001c0c0000,0x000000001c1c0000)]
  0x000000001a652000 JavaThread "Stdin handler" [_thread_blocked, id=6076, stack(0x000000001bdc0000,0x000000001bec0000)]
  0x000000001a4bd000 JavaThread "Asynchronous log dispatcher for DefaultDaemonConnection: socket connection from /127.0.0.1:58466 to /127.0.0.1:58467" [_thread_blocked, id=11464, stack(0x000000001bcc0000,0x000000001bdc0000)]
  0x000000001a4b9800 JavaThread "Daemon worker" [_thread_in_vm, id=10252, stack(0x000000001bbc0000,0x000000001bcc0000)]
  0x000000001a64e000 JavaThread "Cancel handler" [_thread_blocked, id=7608, stack(0x000000001bac0000,0x000000001bbc0000)]
  0x0000000019e5d800 JavaThread "Handler for socket connection from /127.0.0.1:58466 to /127.0.0.1:58467" [_thread_in_native, id=11032, stack(0x000000001b7c0000,0x000000001b8c0000)]
  0x0000000019e5a000 JavaThread "Daemon" [_thread_blocked, id=7856, stack(0x000000001b6c0000,0x000000001b7c0000)]
  0x000000001a60c000 JavaThread "Daemon periodic checks" [_thread_blocked, id=2556, stack(0x000000001b5c0000,0x000000001b6c0000)]
  0x000000001a5e7000 JavaThread "Incoming local TCP Connector on port 58466" [_thread_in_native, id=500, stack(0x000000001b370000,0x000000001b470000)]
  0x000000001775d000 JavaThread "Service Thread" daemon [_thread_blocked, id=7296, stack(0x0000000019460000,0x0000000019560000)]
  0x0000000017758000 JavaThread "C1 CompilerThread2" daemon [_thread_blocked, id=7020, stack(0x0000000019360000,0x0000000019460000)]
  0x0000000017752000 JavaThread "C2 CompilerThread1" daemon [_thread_in_native, id=1400, stack(0x0000000018e60000,0x0000000018f60000)]
=>0x00000000176fb800 JavaThread "C2 CompilerThread0" daemon [_thread_in_native, id=9088, stack(0x0000000018d60000,0x0000000018e60000)]
  0x00000000176fb000 JavaThread "Attach Listener" daemon [_thread_blocked, id=11380, stack(0x0000000018c60000,0x0000000018d60000)]
  0x0000000017709800 JavaThread "Signal Dispatcher" daemon [_thread_blocked, id=12068, stack(0x0000000018b60000,0x0000000018c60000)]
  0x00000000176e8800 JavaThread "Finalizer" daemon [_thread_blocked, id=5848, stack(0x0000000018960000,0x0000000018a60000)]
  0x0000000002ad2000 JavaThread "Reference Handler" daemon [_thread_blocked, id=11716, stack(0x0000000018860000,0x0000000018960000)]
  0x00000000029dd800 JavaThread "main" [_thread_blocked, id=1236, stack(0x0000000002830000,0x0000000002930000)]

Other Threads:
  0x00000000176c5800 VMThread [stack: 0x0000000018760000,0x0000000018860000] [id=3408]
  0x000000001775e000 WatcherThread [stack: 0x0000000019560000,0x0000000019660000] [id=6248]

VM state:not at safepoint (normal execution)

VM Mutex/Monitor currently owned by a thread: None

Heap:
 PSYoungGen      total 38400K, used 29935K [0x00000000d5580000, 0x00000000d8000000, 0x0000000100000000)
  eden space 33280K, 74% used [0x00000000d5580000,0x00000000d6dc3978,0x00000000d7600000)
  from space 5120K, 99% used [0x00000000d7600000,0x00000000d7af83b0,0x00000000d7b00000)
  to   space 5120K, 0% used [0x00000000d7b00000,0x00000000d7b00000,0x00000000d8000000)
 ParOldGen       total 87552K, used 2122K [0x0000000080000000, 0x0000000085580000, 0x00000000d5580000)
  object space 87552K, 2% used [0x0000000080000000,0x0000000080212bd0,0x0000000085580000)
 Metaspace       used 16604K, capacity 17012K, committed 17152K, reserved 1064960K
  class space    used 2382K, capacity 2510K, committed 2560K, reserved 1048576K

Card table byte_map: [0x0000000011ea0000,0x00000000122b0000] byte_map_base: 0x0000000011aa0000

Marking Bits: (ParMarkBitMap*) 0x0000000063b65aa0
 Begin Bits: [0x0000000012960000, 0x0000000014960000)
 End Bits:   [0x0000000014960000, 0x0000000016960000)

Polling page: 0x00000000007f0000

CodeCache: size=245760Kb used=5173Kb max_used=5173Kb free=240586Kb
 bounds [0x0000000002ae0000, 0x0000000002ff0000, 0x0000000011ae0000]
 total_blobs=1888 nmethods=1514 adapters=287
 compilation: enabled

Compilation events (10 events):
Event: 6.279 Thread 0x0000000017758000 1514       3       sun.reflect.NativeMethodAccessorImpl::invoke (104 bytes)
Event: 6.282 Thread 0x0000000017758000 nmethod 1514 0x0000000002fea210 code [0x0000000002fea480, 0x0000000002feb918]
Event: 6.298 Thread 0x0000000017758000 1516       3       sun.misc.ProxyGenerator$ConstantPool::getFieldRef (33 bytes)
Event: 6.300 Thread 0x0000000017758000 nmethod 1516 0x0000000002fec490 code [0x0000000002fec720, 0x0000000002fed4c8]
Event: 6.302 Thread 0x0000000017758000 1517       3       java.util.LinkedHashMap$LinkedValueIterator::next (8 bytes)
Event: 6.302 Thread 0x0000000017758000 nmethod 1517 0x0000000002fedfd0 code [0x0000000002fee140, 0x0000000002fee348]
Event: 6.303 Thread 0x0000000017758000 1518       3       org.gradle.internal.service.DefaultServiceRegistry$ManagedObjectServiceProvider::requiredBy (20 bytes)
Event: 6.304 Thread 0x0000000017758000 nmethod 1518 0x0000000002fee410 code [0x0000000002fee5a0, 0x0000000002feeac8]
Event: 6.304 Thread 0x0000000017758000 1519       3       org.gradle.internal.service.DefaultServiceRegistry$ManagedObjectServiceProvider::fromSameRegistry (27 bytes)
Event: 6.304 Thread 0x0000000017758000 nmethod 1519 0x0000000002feec10 code [0x0000000002feed80, 0x0000000002fef150]

GC Heap History (6 events):
Event: 2.268 GC heap before
{Heap before GC invocations=1 (full 0):
 PSYoungGen      total 38400K, used 33280K [0x00000000d5580000, 0x00000000d8000000, 0x0000000100000000)
  eden space 33280K, 100% used [0x00000000d5580000,0x00000000d7600000,0x00000000d7600000)
  from space 5120K, 0% used [0x00000000d7b00000,0x00000000d7b00000,0x00000000d8000000)
  to   space 5120K, 0% used [0x00000000d7600000,0x00000000d7600000,0x00000000d7b00000)
 ParOldGen       total 87552K, used 0K [0x0000000080000000, 0x0000000085580000, 0x00000000d5580000)
  object space 87552K, 0% used [0x0000000080000000,0x0000000080000000,0x0000000085580000)
 Metaspace       used 6957K, capacity 7056K, committed 7424K, reserved 1056768K
  class space    used 845K, capacity 909K, committed 1024K, reserved 1048576K
Event: 2.277 GC heap after
Heap after GC invocations=1 (full 0):
 PSYoungGen      total 38400K, used 4214K [0x00000000d5580000, 0x00000000d8000000, 0x0000000100000000)
  eden space 33280K, 0% used [0x00000000d5580000,0x00000000d5580000,0x00000000d7600000)
  from space 5120K, 82% used [0x00000000d7600000,0x00000000d7a1dbc8,0x00000000d7b00000)
  to   space 5120K, 0% used [0x00000000d7b00000,0x00000000d7b00000,0x00000000d8000000)
 ParOldGen       total 87552K, used 8K [0x0000000080000000, 0x0000000085580000, 0x00000000d5580000)
  object space 87552K, 0% used [0x0000000080000000,0x0000000080002000,0x0000000085580000)
 Metaspace       used 6957K, capacity 7056K, committed 7424K, reserved 1056768K
  class space    used 845K, capacity 909K, committed 1024K, reserved 1048576K
}
Event: 4.752 GC heap before
{Heap before GC invocations=2 (full 0):
 PSYoungGen      total 38400K, used 37494K [0x00000000d5580000, 0x00000000d8000000, 0x0000000100000000)
  eden space 33280K, 100% used [0x00000000d5580000,0x00000000d7600000,0x00000000d7600000)
  from space 5120K, 82% used [0x00000000d7600000,0x00000000d7a1dbc8,0x00000000d7b00000)
  to   space 5120K, 0% used [0x00000000d7b00000,0x00000000d7b00000,0x00000000d8000000)
 ParOldGen       total 87552K, used 8K [0x0000000080000000, 0x0000000085580000, 0x00000000d5580000)
  object space 87552K, 0% used [0x0000000080000000,0x0000000080002000,0x0000000085580000)
 Metaspace       used 10856K, capacity 11084K, committed 11264K, reserved 1058816K
  class space    used 1426K, capacity 1522K, committed 1536K, reserved 1048576K
Event: 4.763 GC heap after
Heap after GC invocations=2 (full 0):
 PSYoungGen      total 38400K, used 5103K [0x00000000d5580000, 0x00000000d8000000, 0x0000000100000000)
  eden space 33280K, 0% used [0x00000000d5580000,0x00000000d5580000,0x00000000d7600000)
  from space 5120K, 99% used [0x00000000d7b00000,0x00000000d7ffbfe8,0x00000000d8000000)
  to   space 5120K, 0% used [0x00000000d7600000,0x00000000d7600000,0x00000000d7b00000)
 ParOldGen       total 87552K, used 245K [0x0000000080000000, 0x0000000085580000, 0x00000000d5580000)
  object space 87552K, 0% used [0x0000000080000000,0x000000008003d6b8,0x0000000085580000)
 Metaspace       used 10856K, capacity 11084K, committed 11264K, reserved 1058816K
  class space    used 1426K, capacity 1522K, committed 1536K, reserved 1048576K
}
Event: 5.498 GC heap before
{Heap before GC invocations=3 (full 0):
 PSYoungGen      total 38400K, used 38383K [0x00000000d5580000, 0x00000000d8000000, 0x0000000100000000)
  eden space 33280K, 100% used [0x00000000d5580000,0x00000000d7600000,0x00000000d7600000)
  from space 5120K, 99% used [0x00000000d7b00000,0x00000000d7ffbfe8,0x00000000d8000000)
  to   space 5120K, 0% used [0x00000000d7600000,0x00000000d7600000,0x00000000d7b00000)
 ParOldGen       total 87552K, used 245K [0x0000000080000000, 0x0000000085580000, 0x00000000d5580000)
  object space 87552K, 0% used [0x0000000080000000,0x000000008003d6b8,0x0000000085580000)
 Metaspace       used 14175K, capacity 14516K, committed 14720K, reserved 1062912K
  class space    used 1986K, capacity 2126K, committed 2176K, reserved 1048576K
Event: 5.510 GC heap after
Heap after GC invocations=3 (full 0):
 PSYoungGen      total 38400K, used 5088K [0x00000000d5580000, 0x00000000d8000000, 0x0000000100000000)
  eden space 33280K, 0% used [0x00000000d5580000,0x00000000d5580000,0x00000000d7600000)
  from space 5120K, 99% used [0x00000000d7600000,0x00000000d7af83b0,0x00000000d7b00000)
  to   space 5120K, 0% used [0x00000000d7b00000,0x00000000d7b00000,0x00000000d8000000)
 ParOldGen       total 87552K, used 2122K [0x0000000080000000, 0x0000000085580000, 0x00000000d5580000)
  object space 87552K, 2% used [0x0000000080000000,0x0000000080212bd0,0x0000000085580000)
 Metaspace       used 14175K, capacity 14516K, committed 14720K, reserved 1062912K
  class space    used 1986K, capacity 2126K, committed 2176K, reserved 1048576K
}

Deoptimization events (10 events):
Event: 2.714 Thread 0x00000000029dd800 Uncommon trap: reason=bimorphic action=maybe_recompile pc=0x0000000002e065cc method=java.util.HashMap.putVal(ILjava/lang/Object;Ljava/lang/Object;ZZ)Ljava/lang/Object; @ 91
Event: 2.715 Thread 0x00000000029dd800 Uncommon trap: reason=bimorphic action=maybe_recompile pc=0x0000000002e065cc method=java.util.HashMap.putVal(ILjava/lang/Object;Ljava/lang/Object;ZZ)Ljava/lang/Object; @ 91
Event: 2.715 Thread 0x00000000029dd800 Uncommon trap: reason=bimorphic action=maybe_recompile pc=0x0000000002e065cc method=java.util.HashMap.putVal(ILjava/lang/Object;Ljava/lang/Object;ZZ)Ljava/lang/Object; @ 91
Event: 3.439 Thread 0x00000000029dd800 Uncommon trap: reason=unstable_if action=reinterpret pc=0x0000000002d92098 method=java.io.WinNTFileSystem.normalize(Ljava/lang/String;)Ljava/lang/String; @ 128
Event: 4.839 Thread 0x0000000019e5d800 Uncommon trap: reason=unstable_if action=reinterpret pc=0x0000000002edeff0 method=java.util.concurrent.ConcurrentHashMap.putVal(Ljava/lang/Object;Ljava/lang/Object;Z)Ljava/lang/Object; @ 206
Event: 5.349 Thread 0x000000001a4b9800 Uncommon trap: reason=class_check action=maybe_recompile pc=0x0000000002d5e09c method=java.util.regex.Matcher.match(II)Z @ 86
Event: 5.350 Thread 0x000000001a4b9800 Uncommon trap: reason=class_check action=maybe_recompile pc=0x0000000002d5e09c method=java.util.regex.Matcher.match(II)Z @ 86
Event: 5.551 Thread 0x000000001a4b9800 Uncommon trap: reason=unstable_if action=reinterpret pc=0x0000000002f55274 method=java.lang.String.lastIndexOf([CII[CIII)I @ 66
Event: 6.264 Thread 0x000000001a4b9800 Uncommon trap: reason=unstable_if action=reinterpret pc=0x0000000002c3f848 method=java.net.URI.match(CJJ)Z @ 19
Event: 6.265 Thread 0x000000001a4b9800 Uncommon trap: reason=unstable_if action=reinterpret pc=0x0000000002d88740 method=java.net.URI.match(CJJ)Z @ 19

Classes redefined (0 events):
No events

Internal exceptions (10 events):
Event: 4.864 Thread 0x0000000019e5d800 Exception <a 'java/lang/NoSuchMethodError': <clinit>> (0x00000000d57ecf70) thrown at [D:\src\AOSP-openjdk-cygwin\jdk8u\hotspot\src\share\vm\prims\jni.cpp, line 1613]
Event: 4.865 Thread 0x0000000019e5d800 Exception <a 'java/lang/NoSuchMethodError': <clinit>> (0x00000000d57f5a38) thrown at [D:\src\AOSP-openjdk-cygwin\jdk8u\hotspot\src\share\vm\prims\jni.cpp, line 1613]
Event: 4.870 Thread 0x0000000019e5d800 Exception <a 'java/lang/NoSuchMethodError': <clinit>> (0x00000000d58070d8) thrown at [D:\src\AOSP-openjdk-cygwin\jdk8u\hotspot\src\share\vm\prims\jni.cpp, line 1613]
Event: 4.905 Thread 0x0000000019e5d800 Exception <a 'java/lang/NoSuchMethodError': <clinit>> (0x00000000d587fd48) thrown at [D:\src\AOSP-openjdk-cygwin\jdk8u\hotspot\src\share\vm\prims\jni.cpp, line 1613]
Event: 4.913 Thread 0x0000000019e5d800 Exception <a 'java/lang/NoSuchMethodError': <clinit>> (0x00000000d58a4b68) thrown at [D:\src\AOSP-openjdk-cygwin\jdk8u\hotspot\src\share\vm\prims\jni.cpp, line 1613]
Event: 4.917 Thread 0x0000000019e5d800 Exception <a 'java/lang/NoSuchMethodError': <clinit>> (0x00000000d58bf440) thrown at [D:\src\AOSP-openjdk-cygwin\jdk8u\hotspot\src\share\vm\prims\jni.cpp, line 1613]
Event: 4.918 Thread 0x0000000019e5d800 Exception <a 'java/lang/NoSuchMethodError': <clinit>> (0x00000000d58caee0) thrown at [D:\src\AOSP-openjdk-cygwin\jdk8u\hotspot\src\share\vm\prims\jni.cpp, line 1613]
Event: 4.924 Thread 0x0000000019e5d800 Exception <a 'java/lang/NoSuchMethodError': <clinit>> (0x00000000d58ecf18) thrown at [D:\src\AOSP-openjdk-cygwin\jdk8u\hotspot\src\share\vm\prims\jni.cpp, line 1613]
Event: 4.956 Thread 0x000000001a4b9800 Exception <a 'java/lang/NoSuchMethodError': <clinit>> (0x00000000d5a352e8) thrown at [D:\src\AOSP-openjdk-cygwin\jdk8u\hotspot\src\share\vm\prims\jni.cpp, line 1613]
Event: 4.957 Thread 0x000000001a4b9800 Exception <a 'java/lang/NoSuchMethodError': <clinit>> (0x00000000d5a3d570) thrown at [D:\src\AOSP-openjdk-cygwin\jdk8u\hotspot\src\share\vm\prims\jni.cpp, line 1613]

Events (10 events):
Event: 6.341 loading class org/gradle/initialization/DefaultContinuousExecutionGate
Event: 6.341 loading class org/gradle/initialization/DefaultContinuousExecutionGate done
Event: 6.342 loading class org/gradle/initialization/ContinuousExecutionGate$GateKeeper
Event: 6.342 loading class org/gradle/initialization/ContinuousExecutionGate$GateKeeper done
Event: 6.343 loading class org/gradle/deployment/internal/DefaultDeploymentRegistry$PendingChanges
Event: 6.343 loading class org/gradle/deployment/internal/DefaultDeploymentRegistry$PendingChanges done
Event: 6.344 loading class org/gradle/initialization/DefaultGradleLauncherFactory$2
Event: 6.344 loading class org/gradle/initialization/DefaultGradleLauncherFactory$2 done
Event: 6.346 loading class org/gradle/internal/operations/notify/BuildOperationNotificationListener2
Event: 6.346 loading class org/gradle/internal/operations/notify/BuildOperationNotificationListener2 done


Dynamic libraries:
0x00007ff630170000 - 0x00007ff6301a1000 	C:\Program Files\Android\Android Studio\jre\bin\java.exe
0x00007ffc85620000 - 0x00007ffc8580d000 	C:\Windows\SYSTEM32\ntdll.dll
0x00007ffc85060000 - 0x00007ffc85113000 	C:\Windows\System32\KERNEL32.DLL
0x00007ffc81ea0000 - 0x00007ffc82133000 	C:\Windows\System32\KERNELBASE.dll
0x00007ffc85470000 - 0x00007ffc85513000 	C:\Windows\System32\ADVAPI32.dll
0x00007ffc84840000 - 0x00007ffc848de000 	C:\Windows\System32\msvcrt.dll
0x00007ffc84fc0000 - 0x00007ffc8505e000 	C:\Windows\System32\sechost.dll
0x00007ffc83220000 - 0x00007ffc83342000 	C:\Windows\System32\RPCRT4.dll
0x00007ffc84e20000 - 0x00007ffc84fb7000 	C:\Windows\System32\USER32.dll
0x00007ffc825c0000 - 0x00007ffc825e0000 	C:\Windows\System32\win32u.dll
0x00007ffc82980000 - 0x00007ffc829a9000 	C:\Windows\System32\GDI32.dll
0x00007ffc825e0000 - 0x00007ffc8277a000 	C:\Windows\System32\gdi32full.dll
0x00007ffc82520000 - 0x00007ffc825c0000 	C:\Windows\System32\msvcp_win.dll
0x00007ffc82320000 - 0x00007ffc8241c000 	C:\Windows\System32\ucrtbase.dll
0x00007ffc732c0000 - 0x00007ffc73539000 	C:\Windows\WinSxS\amd64_microsoft.windows.common-controls_6595b64144ccf1df_6.0.17763.253_none_05b2388e0721fece\COMCTL32.dll
0x00007ffc82e90000 - 0x00007ffc831bd000 	C:\Windows\System32\combase.dll
0x00007ffc82780000 - 0x00007ffc827fe000 	C:\Windows\System32\bcryptPrimitives.dll
0x00007ffc848f0000 - 0x00007ffc8491e000 	C:\Windows\System32\IMM32.DLL
0x00000000632c0000 - 0x0000000063392000 	C:\Program Files\Android\Android Studio\jre\jre\bin\msvcr100.dll
0x00000000633a0000 - 0x0000000063be1000 	C:\Program Files\Android\Android Studio\jre\jre\bin\server\jvm.dll
0x00007ffc848e0000 - 0x00007ffc848e8000 	C:\Windows\System32\PSAPI.DLL
0x00007ffc7cd90000 - 0x00007ffc7cd99000 	C:\Windows\SYSTEM32\WSOCK32.dll
0x00007ffc853a0000 - 0x00007ffc8540d000 	C:\Windows\System32\WS2_32.dll
0x00007ffc7d700000 - 0x00007ffc7d724000 	C:\Windows\SYSTEM32\WINMM.dll
0x00007ffc70540000 - 0x00007ffc7054a000 	C:\Windows\SYSTEM32\VERSION.dll
0x00007ffc7d6d0000 - 0x00007ffc7d6fd000 	C:\Windows\SYSTEM32\WINMMBASE.dll
0x00007ffc82800000 - 0x00007ffc8284a000 	C:\Windows\System32\cfgmgr32.dll
0x00007ffc7bce0000 - 0x00007ffc7bcef000 	C:\Program Files\Android\Android Studio\jre\jre\bin\verify.dll
0x00007ffc73580000 - 0x00007ffc735a9000 	C:\Program Files\Android\Android Studio\jre\jre\bin\java.dll
0x00007ffc729b0000 - 0x00007ffc729c6000 	C:\Program Files\Android\Android Studio\jre\jre\bin\zip.dll
0x00007ffc83350000 - 0x00007ffc8483f000 	C:\Windows\System32\SHELL32.dll
0x00007ffc82de0000 - 0x00007ffc82e88000 	C:\Windows\System32\shcore.dll
0x00007ffc81750000 - 0x00007ffc81e9a000 	C:\Windows\System32\windows.storage.dll
0x00007ffc81620000 - 0x00007ffc81644000 	C:\Windows\System32\profapi.dll
0x00007ffc81670000 - 0x00007ffc816cd000 	C:\Windows\System32\powrprof.dll
0x00007ffc85580000 - 0x00007ffc855d2000 	C:\Windows\System32\shlwapi.dll
0x00007ffc81650000 - 0x00007ffc81661000 	C:\Windows\System32\kernel.appcore.dll
0x00007ffc82420000 - 0x00007ffc82437000 	C:\Windows\System32\cryptsp.dll
0x00007ffc72870000 - 0x00007ffc7288a000 	C:\Program Files\Android\Android Studio\jre\jre\bin\net.dll
0x00007ffc80eb0000 - 0x00007ffc80f17000 	C:\Windows\system32\mswsock.dll
0x00007ffc719d0000 - 0x00007ffc719e1000 	C:\Program Files\Android\Android Studio\jre\jre\bin\nio.dll
0x00007ffc650b0000 - 0x00007ffc650ce000 	C:\Users\Nick\.gradle\native\25\windows-amd64\native-platform.dll
0x00007ffc7b690000 - 0x00007ffc7b69d000 	C:\Program Files\Android\Android Studio\jre\jre\bin\management.dll
0x00007ffc80a70000 - 0x00007ffc80aa3000 	C:\Windows\system32\rsaenh.dll
0x00007ffc82440000 - 0x00007ffc82466000 	C:\Windows\System32\bcrypt.dll
0x00007ffc81550000 - 0x00007ffc81578000 	C:\Windows\SYSTEM32\USERENV.dll
0x00007ffc81080000 - 0x00007ffc8108c000 	C:\Windows\SYSTEM32\CRYPTBASE.dll
0x00007ffc80c10000 - 0x00007ffc80c4d000 	C:\Windows\SYSTEM32\IPHLPAPI.DLL
0x00007ffc855e0000 - 0x00007ffc855e8000 	C:\Windows\System32\NSI.dll
0x00007ffc78650000 - 0x00007ffc78666000 	C:\Windows\SYSTEM32\dhcpcsvc6.DLL
0x00007ffc78630000 - 0x00007ffc7864c000 	C:\Windows\SYSTEM32\dhcpcsvc.DLL
0x00007ffc80c50000 - 0x00007ffc80d16000 	C:\Windows\SYSTEM32\DNSAPI.dll

VM Arguments:
jvm_args: -Xmx2g -Dfile.encoding=windows-1251 -Duser.country=RU -Duser.language=ru -Duser.variant 
java_command: org.gradle.launcher.daemon.bootstrap.GradleDaemon 4.6
java_class_path (initial): C:\Users\Nick\.gradle\wrapper\dists\gradle-4.6-all\bcst21l2brirad8k2ben1letg\gradle-4.6\lib\gradle-launcher-4.6.jar
Launcher Type: SUN_STANDARD

Environment Variables:
PATH=C:\Windows\system32;C:\Windows;C:\Windows\System32\Wbem;C:\Windows\System32\WindowsPowerShell\v1.0\;C:\Windows\System32\OpenSSH\;C:\Program Files\NVIDIA Corporation\NVIDIA NvDLISR;C:\Program Files (x86)\NVIDIA Corporation\PhysX\Common;C:\Users\Nick\AppData\Local\Microsoft\WindowsApps;C:\Users\Nick\AppData\Local\GitHubDesktop\bin
USERNAME=Nick
OS=Windows_NT
PROCESSOR_IDENTIFIER=Intel64 Family 6 Model 61 Stepping 4, GenuineIntel



---------------  S Y S T E M  ---------------

OS: Windows 10.0 , 64 bit Build 17763 (10.0.17763.1)

CPU:total 4 (initial active 4) (2 cores per cpu, 2 threads per core) family 6 model 61 stepping 4, cmov, cx8, fxsr, mmx, sse, sse2, sse3, ssse3, sse4.1, sse4.2, popcnt, avx, avx2, aes, clmul, erms, 3dnowpref, lzcnt, ht, tsc, tscinvbit, bmi1, bmi2, adx

Memory: 4k page, physical 8306480k(916100k free), swap 8306480k(5692k free)

vm_info: OpenJDK 64-Bit Server VM (25.152-b06) for windows-amd64 JRE (1.8.0_152-release-1136-b06), built by "builder" with MS VC++ 10.0 (VS2010)

time: Fri Jan 11 23:55:28 2019
elapsed time: 6 seconds (0d 0h 0m 6s)

